<?xml version="1.0" encoding="UTF-8"?>
<testsuites name="Login" time="19" tests="1" failures="0" errors="0">
   <testsuite name="Login" tests="1" failures="0" errors="0" time="19" timestamp="2019-10-10 17:51:01" hostname="sambhavi - sambhavi.jmandigital.in" id="Test Suites/Login">
      <properties>
         <property name="deviceName" value=""/>
         <property name="devicePlatform" value=""/>
         <property name="logFolder" value="C:\\Users\\sambhavi\\git\\thortal\\Reports\\Login\\20191010_175047"/>
         <property name="logFiles" value="C:\\Users\\sambhavi\\git\\thortal\\Reports\\Login\\20191010_175047\\execution0.log"/>
         <property name="attachments" value=""/>
         <property name="hostName" value="sambhavi - sambhavi.jmandigital.in"/>
         <property name="os" value="Windows 10 64bit"/>
         <property name="katalonVersion" value="6.0.5.10"/>
         <property name="browser" value="Chrome 77.0.3865.90"/>
         <property name="hostAddress" value="192.168.0.185"/>
         <property name="sessionId" value="fe81772ce6cd2c553ec5288fe9e6dd4c"/>
         <property name="seleniumVersion" value="3.7.1"/>
         <property name="proxyInformation" value="ProxyInformation{proxyOption=NO_PROXY, proxyServerType=HTTP, password=, proxyServerAddress=, proxyServerPort=0}"/>
         <property name="platform" value="Windows 10"/>
      </properties>
      <testcase name="Test Cases/THORtal Login/login" classname="Test Cases/THORtal Login/login" status="PASSED">
         <system-out><![CDATA[2019-10-10 17:51:01 - [TEST_CASE][PASSED] - Test Cases/THORtal Login/login: Test Cases/THORtal Login/login

2019-10-10 17:51:02 - [TEST_STEP][PASSED] - openBrowser("http://192.168.0.28:4205/"): Browser is opened with url: 'http://192.168.0.28:4205/'

2019-10-10 17:51:02 - [MESSAGE][INFO] - Starting 'Chrome' driver

2019-10-10 17:51:02 - [MESSAGE][INFO] - Action delay is set to 0 seconds

2019-10-10 17:51:12 - [MESSAGE][PASSED] - Browser is opened with url: 'http://192.168.0.28:4205/'

2019-10-10 17:51:12 - [TEST_STEP][PASSED] - maximizeWindow(): Current window maximized

2019-10-10 17:51:14 - [MESSAGE][PASSED] - Current window maximized

2019-10-10 17:51:14 - [TEST_STEP][PASSED] - log = new com.kms.katalon.core.logging.KeywordLogger(): null

2019-10-10 17:51:14 - [TEST_STEP][PASSED] - try: Text 'nick' is set on object 'Object Repository/Login/User Name'

2019-10-10 17:51:14 - [TEST_STEP][PASSED] - log.logInfo("---------User Name exists --------------"): ---------User Name exists --------------

2019-10-10 17:51:14 - [MESSAGE][INFO] - ---------User Name exists --------------

2019-10-10 17:51:14 - [TEST_STEP][PASSED] - setText(findTestObject("Login/User Name"), "nick"): Text 'nick' is set on object 'Object Repository/Login/User Name'

2019-10-10 17:51:14 - [MESSAGE][PASSED] - Text 'nick' is set on object 'Object Repository/Login/User Name'

2019-10-10 17:51:14 - [TEST_STEP][PASSED] - try: Text ****** has been set on object 'Object Repository/Login/Password'

2019-10-10 17:51:14 - [TEST_STEP][PASSED] - log.logInfo("---------password exists --------------"): ---------password exists --------------

2019-10-10 17:51:14 - [MESSAGE][INFO] - ---------password exists --------------

2019-10-10 17:51:14 - [TEST_STEP][PASSED] - setEncryptedText(findTestObject("Login/Password"), "AdUMoLaE2tWuHJEBZev0OA=="): Text ****** has been set on object 'Object Repository/Login/Password'

2019-10-10 17:51:14 - [MESSAGE][PASSED] - Text ****** has been set on object 'Object Repository/Login/Password'

2019-10-10 17:51:14 - [TEST_STEP][PASSED] - try: Object: 'Object Repository/Login/signin' is clicked on

2019-10-10 17:51:14 - [TEST_STEP][PASSED] - log.logInfo("---------Log In  exists --------------"): ---------Log In  exists --------------

2019-10-10 17:51:14 - [MESSAGE][INFO] - ---------Log In  exists --------------

2019-10-10 17:51:14 - [TEST_STEP][PASSED] - click(findTestObject("Login/signin")): Object: 'Object Repository/Login/signin' is clicked on

2019-10-10 17:51:14 - [MESSAGE][PASSED] - Object: 'Object Repository/Login/signin' is clicked on

2019-10-10 17:51:14 - [TEST_STEP][PASSED] - delay(5): Delayed 5 second(s)

2019-10-10 17:51:19 - [MESSAGE][PASSED] - Delayed 5 second(s)

2019-10-10 17:51:19 - [TEST_STEP][PASSED] - currentpageurl = getUrl(): Current window's url is: 'http://192.168.0.28:4205/dashboard'

2019-10-10 17:51:19 - [MESSAGE][PASSED] - Current window's url is: 'http://192.168.0.28:4205/dashboard'

2019-10-10 17:51:19 - [TEST_STEP][PASSED] - if (!(currentpageurl.equals("http://192.168.0.28:4205/dashboard"))): null

2019-10-10 17:51:19 - [TEST_STEP][PASSED] - else: --------- Sucessfull Log In --------------

2019-10-10 17:51:19 - [TEST_STEP][PASSED] - log.logInfo("--------- Sucessfull Log In --------------"): --------- Sucessfull Log In --------------

2019-10-10 17:51:19 - [MESSAGE][INFO] - --------- Sucessfull Log In --------------]]></system-out>
         <system-err><![CDATA[]]></system-err>
      </testcase>
      <system-out><![CDATA[2019-10-10 17:51:01 - [TEST_SUITE][PASSED] - Login: Test Cases/THORtal Login/login]]></system-out>
      <system-err><![CDATA[]]></system-err>
   </testsuite>
</testsuites>
